2017/05/01 18:14:47 INFO  - jmeter.util.JMeterUtils: Setting Locale to en_IN 
2017/05/01 18:14:48 INFO  - jmeter.JMeter: Loading user properties from: /home/abhishek/Documents/anil/apache-jmeter-3.1/bin/user.properties 
2017/05/01 18:14:48 INFO  - jmeter.JMeter: Loading system properties from: /home/abhishek/Documents/anil/apache-jmeter-3.1/bin/system.properties 
2017/05/01 18:14:48 INFO  - jmeter.JMeter: Copyright (c) 1998-2016 The Apache Software Foundation 
2017/05/01 18:14:48 INFO  - jmeter.JMeter: Version 3.1 r1770033 
2017/05/01 18:14:48 INFO  - jmeter.JMeter: java.version=1.8.0_121 
2017/05/01 18:14:48 INFO  - jmeter.JMeter: java.vm.name=Java HotSpot(TM) 64-Bit Server VM 
2017/05/01 18:14:48 INFO  - jmeter.JMeter: os.name=Linux 
2017/05/01 18:14:48 INFO  - jmeter.JMeter: os.arch=amd64 
2017/05/01 18:14:48 INFO  - jmeter.JMeter: os.version=3.19.0-30-generic 
2017/05/01 18:14:48 INFO  - jmeter.JMeter: file.encoding=UTF-8 
2017/05/01 18:14:48 INFO  - jmeter.JMeter: Max memory     =1840250880 
2017/05/01 18:14:48 INFO  - jmeter.JMeter: Available Processors =4 
2017/05/01 18:14:48 INFO  - jmeter.JMeter: Default Locale=English (India) 
2017/05/01 18:14:48 INFO  - jmeter.JMeter: JMeter  Locale=English (India) 
2017/05/01 18:14:48 INFO  - jmeter.JMeter: JMeterHome=/home/abhishek/Documents/anil/apache-jmeter-3.1 
2017/05/01 18:14:48 INFO  - jmeter.JMeter: user.dir  =/var/www/html/aniltest/docroot 
2017/05/01 18:14:48 INFO  - jmeter.JMeter: PWD       =/var/www/html/aniltest/docroot 
2017/05/01 18:14:48 INFO  - jmeter.JMeter: IP: 127.0.1.1 Name: abhishek FullName: abhishek 
2017/05/01 18:14:48 INFO  - jmeter.gui.action.LookAndFeelCommand: Using look and feel: javax.swing.plaf.metal.MetalLookAndFeel [Metal, CrossPlatform] 
2017/05/01 18:14:48 INFO  - jmeter.JMeter: Loaded icon properties from org/apache/jmeter/images/icon.properties 
2017/05/01 18:14:49 INFO  - jmeter.engine.util.CompoundVariable: Note: Function class names must contain the string: '.functions.' 
2017/05/01 18:14:49 INFO  - jmeter.engine.util.CompoundVariable: Note: Function class names must not contain the string: '.gui.' 
2017/05/01 18:14:53 INFO  - org.jmeterplugins.repository.PluginManager: Plugins Status: [jmeter-ftp=3.1, jmeter-http=3.1, jmeter-jdbc=3.1, jmeter-jms=3.1, jmeter-core=3.1, jmeter-junit=3.1, jmeter-java=3.1, jmeter-ldap=3.1, jmeter-mail=3.1, jmeter-mongodb=3.1, jmeter-native=3.1, jpgc-perfmon=2.1, jpgc-plugins-manager=0.11, jpgc-webdriver=1.4.0, jmeter-tcp=3.1, jmeter-components=3.1] 
2017/05/01 18:14:55 INFO  - jmeter.gui.util.MenuFactory: Skipping org.apache.jmeter.assertions.BSFAssertion 
2017/05/01 18:14:55 INFO  - jmeter.gui.util.MenuFactory: Skipping org.apache.jmeter.extractor.BSFPostProcessor 
2017/05/01 18:14:55 INFO  - jmeter.gui.util.MenuFactory: Skipping org.apache.jmeter.modifiers.BSFPreProcessor 
2017/05/01 18:14:55 INFO  - jmeter.protocol.http.sampler.HTTPSamplerBase: Parser for text/html is org.apache.jmeter.protocol.http.parser.LagartoBasedHtmlParser 
2017/05/01 18:14:55 INFO  - jmeter.protocol.http.sampler.HTTPSamplerBase: Parser for application/xhtml+xml is org.apache.jmeter.protocol.http.parser.LagartoBasedHtmlParser 
2017/05/01 18:14:55 INFO  - jmeter.protocol.http.sampler.HTTPSamplerBase: Parser for application/xml is org.apache.jmeter.protocol.http.parser.LagartoBasedHtmlParser 
2017/05/01 18:14:55 INFO  - jmeter.protocol.http.sampler.HTTPSamplerBase: Parser for text/xml is org.apache.jmeter.protocol.http.parser.LagartoBasedHtmlParser 
2017/05/01 18:14:55 INFO  - jmeter.protocol.http.sampler.HTTPSamplerBase: Parser for text/vnd.wap.wml is org.apache.jmeter.protocol.http.parser.RegexpHTMLParser 
2017/05/01 18:14:55 INFO  - jmeter.protocol.http.sampler.HTTPSamplerBase: Parser for text/css is org.apache.jmeter.protocol.http.parser.CssParser 
2017/05/01 18:14:55 INFO  - jorphan.exec.KeyToolUtils: keytool found at 'keytool' 
2017/05/01 18:14:55 INFO  - jmeter.protocol.http.proxy.ProxyControl: HTTP(S) Test Script Recorder SSL Proxy will use keys that support embedded 3rd party resources in file /home/abhishek/Documents/anil/apache-jmeter-3.1/bin/proxyserver.jks 
2017/05/01 18:14:55 INFO  - jmeter.gui.util.MenuFactory: Skipping org.apache.jmeter.protocol.java.sampler.BSFSampler 
2017/05/01 18:14:56 INFO  - jmeter.gui.util.MenuFactory: Skipping org.apache.jmeter.protocol.mongodb.config.MongoSourceElement 
2017/05/01 18:14:56 INFO  - jmeter.gui.util.MenuFactory: Skipping org.apache.jmeter.protocol.mongodb.sampler.MongoScriptSampler 
2017/05/01 18:14:56 INFO  - jmeter.gui.util.MenuFactory: Skipping org.apache.jmeter.timers.BSFTimer 
2017/05/01 18:14:56 INFO  - jmeter.gui.util.MenuFactory: Skipping org.apache.jmeter.visualizers.BSFListener 
2017/05/01 18:14:56 INFO  - jmeter.gui.util.MenuFactory: Skipping org.apache.jmeter.visualizers.MonitorHealthVisualizer 
2017/05/01 18:14:56 INFO  - jmeter.samplers.SampleResult: Note: Sample TimeStamps are START times 
2017/05/01 18:14:56 INFO  - jmeter.samplers.SampleResult: sampleresult.default.encoding is set to ISO-8859-1 
2017/05/01 18:14:56 INFO  - jmeter.samplers.SampleResult: sampleresult.useNanoTime=true 
2017/05/01 18:14:56 INFO  - jmeter.samplers.SampleResult: sampleresult.nanoThreadSleep=5000 
2017/05/01 18:17:29 INFO  - jmeter.services.FileServer: Default base='/var/www/html/aniltest/docroot' 
2017/05/01 18:17:29 INFO  - jmeter.services.FileServer: Set new base='/home/abhishek/Documents/anil/Jmeter' 
2017/05/01 18:17:29 INFO  - jmeter.save.SaveService: Testplan (JMX) version: 2.2. Testlog (JTL) version: 2.2 
2017/05/01 18:17:29 INFO  - jmeter.save.SaveService: Using SaveService properties file encoding UTF-8 
2017/05/01 18:17:29 INFO  - jmeter.save.SaveService: Using SaveService properties version 3.1 
2017/05/01 18:17:29 INFO  - jmeter.save.SaveService: All converter versions present and correct 
2017/05/01 18:17:29 INFO  - jmeter.engine.StandardJMeterEngine: Running the test! 
2017/05/01 18:17:29 INFO  - jmeter.samplers.SampleEvent: List of sample_variables: [] 
2017/05/01 18:17:29 INFO  - jmeter.samplers.SampleEvent: List of sample_variables: [] 
2017/05/01 18:17:29 INFO  - jmeter.gui.util.JMeterMenuBar: setRunning(true,*local*) 
2017/05/01 18:17:29 INFO  - jmeter.engine.StandardJMeterEngine: Starting ThreadGroup: 1 : Thread Group 
2017/05/01 18:17:29 INFO  - jmeter.engine.StandardJMeterEngine: Starting 1 threads for group Thread Group. 
2017/05/01 18:17:29 INFO  - jmeter.engine.StandardJMeterEngine: Thread will continue on error 
2017/05/01 18:17:29 INFO  - jmeter.threads.ThreadGroup: Starting thread group number 1 threads 1 ramp-up 1 perThread 1000.0 delayedStart=false 
2017/05/01 18:17:29 INFO  - jmeter.threads.ThreadGroup: Started thread group number 1 
2017/05/01 18:17:29 INFO  - jmeter.engine.StandardJMeterEngine: All thread groups have been started 
2017/05/01 18:17:29 INFO  - jmeter.threads.JMeterThread: Thread started: Thread Group 1-1 
2017/05/01 18:18:15 ERROR - jmeter.threads.JMeterThread: Test failed! org.openqa.selenium.WebDriverException: Failed to connect to binary FirefoxBinary(/usr/bin/firefox) on port 7055; process output follows: 
d.","homepageURL":null},{"locales":["ro"],"name":"Ubuntu Modifications","description":"Pachetul Ubuntu Firefox.","creator":"Canonical Ltd.","homepageURL":null},{"locales":["ru"],"name":"Ubuntu Modifications","description":"Расширения Firefox для Ubuntu","creator":"Canonical Ltd.","homepageURL":null},{"locales":["sl"],"name":"Ubuntu Modifications","description":"Ubuntu razširitve za Firefox.","creator":"Canonical Ltd.","homepageURL":null},{"locales":["sv-SE"],"name":"Ubuntu Modifications","description":"Ubuntu-paket för Firefox.","creator":"Canonical Ltd.","homepageURL":null},{"locales":["uk"],"name":"Ubuntu Modifications","description":"Убунтівські доповнення до Firefox.","creator":"Canonical Ltd.","homepageURL":null},{"locales":["zh-CN"],"name":"Ubuntu Modifications","description":"Ubuntu 火狐扩展包.","creator":"Canonical Ltd.","homepageURL":null},{"locales":["zh-TW"],"name":"Ubuntu Modifications","description":"Ubuntu Firefox 擴充包。","creator":"Canonical Ltd.","homepageURL":null}],"targetApplications":[{"id":"{ec8030f7-c20a-464f-9b0e-13a3a9e97384}","minVersion":"9.0","maxVersion":"37.0a1"}],"targetPlatforms":[],"multiprocessCompatible":false,"seen":true}
1493642852830	DeferredSave.extensions.json	DEBUG	Save changes
1493642852831	addons.xpi	DEBUG	Updating database with changes to installed add-ons
1493642852831	addons.xpi-utils	DEBUG	Updating add-on states
1493642852832	addons.xpi-utils	DEBUG	Writing add-ons list
1493642852833	addons.xpi	DEBUG	Registering manifest for /usr/lib/firefox/browser/features/webcompat@mozilla.org.xpi
1493642852833	addons.xpi	DEBUG	Calling bootstrap method startup on webcompat@mozilla.org version 1.0
1493642852834	addons.xpi	DEBUG	Registering manifest for /usr/lib/firefox/browser/features/firefox@getpocket.com.xpi
1493642852835	addons.xpi	DEBUG	Calling bootstrap method startup on firefox@getpocket.com version 1.0.4
1493642852836	addons.xpi	DEBUG	Registering manifest for /usr/lib/firefox/browser/features/e10srollout@mozilla.org.xpi
1493642852836	addons.xpi	DEBUG	Calling bootstrap method startup on e10srollout@mozilla.org version 1.2
1493642852839	addons.manager	DEBUG	Registering shutdown blocker for XPIProvider
1493642852839	addons.manager	DEBUG	Provider finished startup: XPIProvider
1493642852840	addons.manager	DEBUG	Starting provider: LightweightThemeManager
1493642852840	addons.manager	DEBUG	Registering shutdown blocker for LightweightThemeManager
1493642852840	addons.manager	DEBUG	Provider finished startup: LightweightThemeManager
1493642852841	addons.manager	DEBUG	Starting provider: GMPProvider
1493642852848	addons.manager	DEBUG	Registering shutdown blocker for GMPProvider
1493642852848	addons.manager	DEBUG	Provider finished startup: GMPProvider
1493642852848	addons.manager	DEBUG	Starting provider: PluginProvider
1493642852848	addons.manager	DEBUG	Registering shutdown blocker for PluginProvider
1493642852848	addons.manager	DEBUG	Provider finished startup: PluginProvider
1493642852849	addons.manager	DEBUG	Completed startup sequence
1493642854675	addons.manager	DEBUG	Starting provider: <unnamed-provider>
1493642854676	addons.manager	DEBUG	Registering shutdown blocker for <unnamed-provider>
1493642854676	addons.manager	DEBUG	Provider finished startup: <unnamed-provider>
1493642854681	DeferredSave.extensions.json	DEBUG	Starting write
1493642855052	addons.repository	DEBUG	No addons.json found.
1493642855053	DeferredSave.addons.json	DEBUG	Save changes
1493642855055	DeferredSave.addons.json	DEBUG	Starting timer
1493642855744	addons.manager	DEBUG	Starting provider: PreviousExperimentProvider
1493642855744	addons.manager	DEBUG	Registering shutdown blocker for PreviousExperimentProvider
1493642855745	addons.manager	DEBUG	Provider finished startup: PreviousExperimentProvider
1493642855749	DeferredSave.extensions.json	DEBUG	Write succeeded
1493642855749	addons.xpi-utils	DEBUG	XPI Database saved, setting schema version preference to 17
1493642855750	DeferredSave.addons.json	DEBUG	Starting write
1493642855794	DeferredSave.addons.json	DEBUG	Write succeeded

Build info: version: '2.52.0', revision: '4c2593cfc3689a7fcd7be52549167e5ccc93ad28', time: '2016-02-11 11:22:43'
System info: host: 'abhishek', ip: '127.0.1.1', os.name: 'Linux', os.arch: 'amd64', os.version: '3.19.0-30-generic', java.version: '1.8.0_121'
Driver info: driver.version: FirefoxDriver
	at org.openqa.selenium.firefox.internal.NewProfileExtensionConnection.start(NewProfileExtensionConnection.java:125)
	at org.openqa.selenium.firefox.FirefoxDriver.startClient(FirefoxDriver.java:271)
	at org.openqa.selenium.remote.RemoteWebDriver.<init>(RemoteWebDriver.java:119)
	at org.openqa.selenium.firefox.FirefoxDriver.<init>(FirefoxDriver.java:216)
	at org.openqa.selenium.firefox.FirefoxDriver.<init>(FirefoxDriver.java:211)
	at com.googlecode.jmeter.plugins.webdriver.config.FirefoxDriverConfig.createBrowser(FirefoxDriverConfig.java:100)
	at com.googlecode.jmeter.plugins.webdriver.config.FirefoxDriverConfig.createBrowser(FirefoxDriverConfig.java:21)
	at com.googlecode.jmeter.plugins.webdriver.config.WebDriverConfig.getPreparedBrowser(WebDriverConfig.java:233)
	at com.googlecode.jmeter.plugins.webdriver.config.WebDriverConfig.threadStarted(WebDriverConfig.java:220)
	at org.apache.jmeter.threads.JMeterThread$ThreadListenerTraverser.addNode(JMeterThread.java:659)
	at org.apache.jorphan.collections.HashTree.traverseInto(HashTree.java:996)
	at org.apache.jorphan.collections.HashTree.traverse(HashTree.java:978)
	at org.apache.jmeter.threads.JMeterThread.threadStarted(JMeterThread.java:628)
	at org.apache.jmeter.threads.JMeterThread.initRun(JMeterThread.java:616)
	at org.apache.jmeter.threads.JMeterThread.run(JMeterThread.java:245)
	at java.lang.Thread.run(Thread.java:745)
Caused by: org.openqa.selenium.firefox.NotConnectedException: Unable to connect to host 127.0.0.1 on port 7055 after 45000 ms. Firefox console output:
d.","homepageURL":null},{"locales":["ro"],"name":"Ubuntu Modifications","description":"Pachetul Ubuntu Firefox.","creator":"Canonical Ltd.","homepageURL":null},{"locales":["ru"],"name":"Ubuntu Modifications","description":"Расширения Firefox для Ubuntu","creator":"Canonical Ltd.","homepageURL":null},{"locales":["sl"],"name":"Ubuntu Modifications","description":"Ubuntu razširitve za Firefox.","creator":"Canonical Ltd.","homepageURL":null},{"locales":["sv-SE"],"name":"Ubuntu Modifications","description":"Ubuntu-paket för Firefox.","creator":"Canonical Ltd.","homepageURL":null},{"locales":["uk"],"name":"Ubuntu Modifications","description":"Убунтівські доповнення до Firefox.","creator":"Canonical Ltd.","homepageURL":null},{"locales":["zh-CN"],"name":"Ubuntu Modifications","description":"Ubuntu 火狐扩展包.","creator":"Canonical Ltd.","homepageURL":null},{"locales":["zh-TW"],"name":"Ubuntu Modifications","description":"Ubuntu Firefox 擴充包。","creator":"Canonical Ltd.","homepageURL":null}],"targetApplications":[{"id":"{ec8030f7-c20a-464f-9b0e-13a3a9e97384}","minVersion":"9.0","maxVersion":"37.0a1"}],"targetPlatforms":[],"multiprocessCompatible":false,"seen":true}
1493642852830	DeferredSave.extensions.json	DEBUG	Save changes
1493642852831	addons.xpi	DEBUG	Updating database with changes to installed add-ons
1493642852831	addons.xpi-utils	DEBUG	Updating add-on states
1493642852832	addons.xpi-utils	DEBUG	Writing add-ons list
1493642852833	addons.xpi	DEBUG	Registering manifest for /usr/lib/firefox/browser/features/webcompat@mozilla.org.xpi
1493642852833	addons.xpi	DEBUG	Calling bootstrap method startup on webcompat@mozilla.org version 1.0
1493642852834	addons.xpi	DEBUG	Registering manifest for /usr/lib/firefox/browser/features/firefox@getpocket.com.xpi
1493642852835	addons.xpi	DEBUG	Calling bootstrap method startup on firefox@getpocket.com version 1.0.4
1493642852836	addons.xpi	DEBUG	Registering manifest for /usr/lib/firefox/browser/features/e10srollout@mozilla.org.xpi
1493642852836	addons.xpi	DEBUG	Calling bootstrap method startup on e10srollout@mozilla.org version 1.2
1493642852839	addons.manager	DEBUG	Registering shutdown blocker for XPIProvider
1493642852839	addons.manager	DEBUG	Provider finished startup: XPIProvider
1493642852840	addons.manager	DEBUG	Starting provider: LightweightThemeManager
1493642852840	addons.manager	DEBUG	Registering shutdown blocker for LightweightThemeManager
1493642852840	addons.manager	DEBUG	Provider finished startup: LightweightThemeManager
1493642852841	addons.manager	DEBUG	Starting provider: GMPProvider
1493642852848	addons.manager	DEBUG	Registering shutdown blocker for GMPProvider
1493642852848	addons.manager	DEBUG	Provider finished startup: GMPProvider
1493642852848	addons.manager	DEBUG	Starting provider: PluginProvider
1493642852848	addons.manager	DEBUG	Registering shutdown blocker for PluginProvider
1493642852848	addons.manager	DEBUG	Provider finished startup: PluginProvider
1493642852849	addons.manager	DEBUG	Completed startup sequence
1493642854675	addons.manager	DEBUG	Starting provider: <unnamed-provider>
1493642854676	addons.manager	DEBUG	Registering shutdown blocker for <unnamed-provider>
1493642854676	addons.manager	DEBUG	Provider finished startup: <unnamed-provider>
1493642854681	DeferredSave.extensions.json	DEBUG	Starting write
1493642855052	addons.repository	DEBUG	No addons.json found.
1493642855053	DeferredSave.addons.json	DEBUG	Save changes
1493642855055	DeferredSave.addons.json	DEBUG	Starting timer
1493642855744	addons.manager	DEBUG	Starting provider: PreviousExperimentProvider
1493642855744	addons.manager	DEBUG	Registering shutdown blocker for PreviousExperimentProvider
1493642855745	addons.manager	DEBUG	Provider finished startup: PreviousExperimentProvider
1493642855749	DeferredSave.extensions.json	DEBUG	Write succeeded
1493642855749	addons.xpi-utils	DEBUG	XPI Database saved, setting schema version preference to 17
1493642855750	DeferredSave.addons.json	DEBUG	Starting write
1493642855794	DeferredSave.addons.json	DEBUG	Write succeeded

	at org.openqa.selenium.firefox.internal.NewProfileExtensionConnection.start(NewProfileExtensionConnection.java:113)
	... 15 more

2017/05/01 18:18:15 INFO  - jmeter.threads.JMeterThread: Thread finished: Thread Group 1-1 
2017/05/01 18:18:15 INFO  - jmeter.engine.StandardJMeterEngine: Notifying test listeners of end of test 
2017/05/01 18:18:15 INFO  - jmeter.gui.util.JMeterMenuBar: setRunning(false,*local*) 
2017/05/01 18:21:54 INFO  - jmeter.engine.StandardJMeterEngine: Running the test! 
2017/05/01 18:21:54 INFO  - jmeter.samplers.SampleEvent: List of sample_variables: [] 
2017/05/01 18:21:54 INFO  - jmeter.gui.util.JMeterMenuBar: setRunning(true,*local*) 
2017/05/01 18:21:55 INFO  - jmeter.engine.StandardJMeterEngine: Starting ThreadGroup: 1 : Thread Group 
2017/05/01 18:21:55 INFO  - jmeter.engine.StandardJMeterEngine: Starting 1 threads for group Thread Group. 
2017/05/01 18:21:55 INFO  - jmeter.engine.StandardJMeterEngine: Thread will continue on error 
2017/05/01 18:21:55 INFO  - jmeter.threads.ThreadGroup: Starting thread group number 1 threads 1 ramp-up 1 perThread 1000.0 delayedStart=false 
2017/05/01 18:21:55 INFO  - jmeter.threads.ThreadGroup: Started thread group number 1 
2017/05/01 18:21:55 INFO  - jmeter.engine.StandardJMeterEngine: All thread groups have been started 
2017/05/01 18:21:55 INFO  - jmeter.threads.JMeterThread: Thread started: Thread Group 1-1 
2017/05/01 18:22:40 ERROR - jmeter.threads.JMeterThread: Test failed! org.openqa.selenium.WebDriverException: Failed to connect to binary FirefoxBinary(/usr/bin/firefox) on port 7055; process output follows: 
d.","homepageURL":null},{"locales":["ro"],"name":"Ubuntu Modifications","description":"Pachetul Ubuntu Firefox.","creator":"Canonical Ltd.","homepageURL":null},{"locales":["ru"],"name":"Ubuntu Modifications","description":"Расширения Firefox для Ubuntu","creator":"Canonical Ltd.","homepageURL":null},{"locales":["sl"],"name":"Ubuntu Modifications","description":"Ubuntu razširitve za Firefox.","creator":"Canonical Ltd.","homepageURL":null},{"locales":["sv-SE"],"name":"Ubuntu Modifications","description":"Ubuntu-paket för Firefox.","creator":"Canonical Ltd.","homepageURL":null},{"locales":["uk"],"name":"Ubuntu Modifications","description":"Убунтівські доповнення до Firefox.","creator":"Canonical Ltd.","homepageURL":null},{"locales":["zh-CN"],"name":"Ubuntu Modifications","description":"Ubuntu 火狐扩展包.","creator":"Canonical Ltd.","homepageURL":null},{"locales":["zh-TW"],"name":"Ubuntu Modifications","description":"Ubuntu Firefox 擴充包。","creator":"Canonical Ltd.","homepageURL":null}],"targetApplications":[{"id":"{ec8030f7-c20a-464f-9b0e-13a3a9e97384}","minVersion":"9.0","maxVersion":"37.0a1"}],"targetPlatforms":[],"multiprocessCompatible":false,"seen":true}
1493643115458	DeferredSave.extensions.json	DEBUG	Save changes
1493643115458	addons.xpi	DEBUG	Updating database with changes to installed add-ons
1493643115458	addons.xpi-utils	DEBUG	Updating add-on states
1493643115459	addons.xpi-utils	DEBUG	Writing add-ons list
1493643115460	addons.xpi	DEBUG	Registering manifest for /usr/lib/firefox/browser/features/webcompat@mozilla.org.xpi
1493643115460	addons.xpi	DEBUG	Calling bootstrap method startup on webcompat@mozilla.org version 1.0
1493643115461	addons.xpi	DEBUG	Registering manifest for /usr/lib/firefox/browser/features/firefox@getpocket.com.xpi
1493643115462	addons.xpi	DEBUG	Calling bootstrap method startup on firefox@getpocket.com version 1.0.4
1493643115463	addons.xpi	DEBUG	Registering manifest for /usr/lib/firefox/browser/features/e10srollout@mozilla.org.xpi
1493643115463	addons.xpi	DEBUG	Calling bootstrap method startup on e10srollout@mozilla.org version 1.2
1493643115465	addons.manager	DEBUG	Registering shutdown blocker for XPIProvider
1493643115465	addons.manager	DEBUG	Provider finished startup: XPIProvider
1493643115465	addons.manager	DEBUG	Starting provider: LightweightThemeManager
1493643115465	addons.manager	DEBUG	Registering shutdown blocker for LightweightThemeManager
1493643115466	addons.manager	DEBUG	Provider finished startup: LightweightThemeManager
1493643115466	addons.manager	DEBUG	Starting provider: GMPProvider
1493643115472	addons.manager	DEBUG	Registering shutdown blocker for GMPProvider
1493643115473	addons.manager	DEBUG	Provider finished startup: GMPProvider
1493643115473	addons.manager	DEBUG	Starting provider: PluginProvider
1493643115473	addons.manager	DEBUG	Registering shutdown blocker for PluginProvider
1493643115473	addons.manager	DEBUG	Provider finished startup: PluginProvider
1493643115473	addons.manager	DEBUG	Completed startup sequence
1493643116819	addons.manager	DEBUG	Starting provider: <unnamed-provider>
1493643116819	addons.manager	DEBUG	Registering shutdown blocker for <unnamed-provider>
1493643116820	addons.manager	DEBUG	Provider finished startup: <unnamed-provider>
1493643116823	DeferredSave.extensions.json	DEBUG	Starting write
1493643116941	addons.repository	DEBUG	No addons.json found.
1493643116942	DeferredSave.addons.json	DEBUG	Save changes
1493643116946	DeferredSave.addons.json	DEBUG	Starting timer
1493643116972	addons.manager	DEBUG	Starting provider: PreviousExperimentProvider
1493643116972	addons.manager	DEBUG	Registering shutdown blocker for PreviousExperimentProvider
1493643116972	addons.manager	DEBUG	Provider finished startup: PreviousExperimentProvider
1493643116975	DeferredSave.extensions.json	DEBUG	Write succeeded
1493643116976	addons.xpi-utils	DEBUG	XPI Database saved, setting schema version preference to 17
1493643117003	DeferredSave.addons.json	DEBUG	Starting write
1493643117015	DeferredSave.addons.json	DEBUG	Write succeeded

Build info: version: '2.52.0', revision: '4c2593cfc3689a7fcd7be52549167e5ccc93ad28', time: '2016-02-11 11:22:43'
System info: host: 'abhishek', ip: '127.0.1.1', os.name: 'Linux', os.arch: 'amd64', os.version: '3.19.0-30-generic', java.version: '1.8.0_121'
Driver info: driver.version: FirefoxDriver
	at org.openqa.selenium.firefox.internal.NewProfileExtensionConnection.start(NewProfileExtensionConnection.java:125)
	at org.openqa.selenium.firefox.FirefoxDriver.startClient(FirefoxDriver.java:271)
	at org.openqa.selenium.remote.RemoteWebDriver.<init>(RemoteWebDriver.java:119)
	at org.openqa.selenium.firefox.FirefoxDriver.<init>(FirefoxDriver.java:216)
	at org.openqa.selenium.firefox.FirefoxDriver.<init>(FirefoxDriver.java:211)
	at com.googlecode.jmeter.plugins.webdriver.config.FirefoxDriverConfig.createBrowser(FirefoxDriverConfig.java:100)
	at com.googlecode.jmeter.plugins.webdriver.config.FirefoxDriverConfig.createBrowser(FirefoxDriverConfig.java:21)
	at com.googlecode.jmeter.plugins.webdriver.config.WebDriverConfig.getPreparedBrowser(WebDriverConfig.java:233)
	at com.googlecode.jmeter.plugins.webdriver.config.WebDriverConfig.threadStarted(WebDriverConfig.java:220)
	at org.apache.jmeter.threads.JMeterThread$ThreadListenerTraverser.addNode(JMeterThread.java:659)
	at org.apache.jorphan.collections.HashTree.traverseInto(HashTree.java:996)
	at org.apache.jorphan.collections.HashTree.traverse(HashTree.java:978)
	at org.apache.jmeter.threads.JMeterThread.threadStarted(JMeterThread.java:628)
	at org.apache.jmeter.threads.JMeterThread.initRun(JMeterThread.java:616)
	at org.apache.jmeter.threads.JMeterThread.run(JMeterThread.java:245)
	at java.lang.Thread.run(Thread.java:745)
Caused by: org.openqa.selenium.firefox.NotConnectedException: Unable to connect to host 127.0.0.1 on port 7055 after 45000 ms. Firefox console output:
d.","homepageURL":null},{"locales":["ro"],"name":"Ubuntu Modifications","description":"Pachetul Ubuntu Firefox.","creator":"Canonical Ltd.","homepageURL":null},{"locales":["ru"],"name":"Ubuntu Modifications","description":"Расширения Firefox для Ubuntu","creator":"Canonical Ltd.","homepageURL":null},{"locales":["sl"],"name":"Ubuntu Modifications","description":"Ubuntu razširitve za Firefox.","creator":"Canonical Ltd.","homepageURL":null},{"locales":["sv-SE"],"name":"Ubuntu Modifications","description":"Ubuntu-paket för Firefox.","creator":"Canonical Ltd.","homepageURL":null},{"locales":["uk"],"name":"Ubuntu Modifications","description":"Убунтівські доповнення до Firefox.","creator":"Canonical Ltd.","homepageURL":null},{"locales":["zh-CN"],"name":"Ubuntu Modifications","description":"Ubuntu 火狐扩展包.","creator":"Canonical Ltd.","homepageURL":null},{"locales":["zh-TW"],"name":"Ubuntu Modifications","description":"Ubuntu Firefox 擴充包。","creator":"Canonical Ltd.","homepageURL":null}],"targetApplications":[{"id":"{ec8030f7-c20a-464f-9b0e-13a3a9e97384}","minVersion":"9.0","maxVersion":"37.0a1"}],"targetPlatforms":[],"multiprocessCompatible":false,"seen":true}
1493643115458	DeferredSave.extensions.json	DEBUG	Save changes
1493643115458	addons.xpi	DEBUG	Updating database with changes to installed add-ons
1493643115458	addons.xpi-utils	DEBUG	Updating add-on states
1493643115459	addons.xpi-utils	DEBUG	Writing add-ons list
1493643115460	addons.xpi	DEBUG	Registering manifest for /usr/lib/firefox/browser/features/webcompat@mozilla.org.xpi
1493643115460	addons.xpi	DEBUG	Calling bootstrap method startup on webcompat@mozilla.org version 1.0
1493643115461	addons.xpi	DEBUG	Registering manifest for /usr/lib/firefox/browser/features/firefox@getpocket.com.xpi
1493643115462	addons.xpi	DEBUG	Calling bootstrap method startup on firefox@getpocket.com version 1.0.4
1493643115463	addons.xpi	DEBUG	Registering manifest for /usr/lib/firefox/browser/features/e10srollout@mozilla.org.xpi
1493643115463	addons.xpi	DEBUG	Calling bootstrap method startup on e10srollout@mozilla.org version 1.2
1493643115465	addons.manager	DEBUG	Registering shutdown blocker for XPIProvider
1493643115465	addons.manager	DEBUG	Provider finished startup: XPIProvider
1493643115465	addons.manager	DEBUG	Starting provider: LightweightThemeManager
1493643115465	addons.manager	DEBUG	Registering shutdown blocker for LightweightThemeManager
1493643115466	addons.manager	DEBUG	Provider finished startup: LightweightThemeManager
1493643115466	addons.manager	DEBUG	Starting provider: GMPProvider
1493643115472	addons.manager	DEBUG	Registering shutdown blocker for GMPProvider
1493643115473	addons.manager	DEBUG	Provider finished startup: GMPProvider
1493643115473	addons.manager	DEBUG	Starting provider: PluginProvider
1493643115473	addons.manager	DEBUG	Registering shutdown blocker for PluginProvider
1493643115473	addons.manager	DEBUG	Provider finished startup: PluginProvider
1493643115473	addons.manager	DEBUG	Completed startup sequence
1493643116819	addons.manager	DEBUG	Starting provider: <unnamed-provider>
1493643116819	addons.manager	DEBUG	Registering shutdown blocker for <unnamed-provider>
1493643116820	addons.manager	DEBUG	Provider finished startup: <unnamed-provider>
1493643116823	DeferredSave.extensions.json	DEBUG	Starting write
1493643116941	addons.repository	DEBUG	No addons.json found.
1493643116942	DeferredSave.addons.json	DEBUG	Save changes
1493643116946	DeferredSave.addons.json	DEBUG	Starting timer
1493643116972	addons.manager	DEBUG	Starting provider: PreviousExperimentProvider
1493643116972	addons.manager	DEBUG	Registering shutdown blocker for PreviousExperimentProvider
1493643116972	addons.manager	DEBUG	Provider finished startup: PreviousExperimentProvider
1493643116975	DeferredSave.extensions.json	DEBUG	Write succeeded
1493643116976	addons.xpi-utils	DEBUG	XPI Database saved, setting schema version preference to 17
1493643117003	DeferredSave.addons.json	DEBUG	Starting write
1493643117015	DeferredSave.addons.json	DEBUG	Write succeeded

	at org.openqa.selenium.firefox.internal.NewProfileExtensionConnection.start(NewProfileExtensionConnection.java:113)
	... 15 more

2017/05/01 18:22:40 INFO  - jmeter.threads.JMeterThread: Thread finished: Thread Group 1-1 
2017/05/01 18:22:40 INFO  - jmeter.engine.StandardJMeterEngine: Notifying test listeners of end of test 
2017/05/01 18:22:40 INFO  - jmeter.gui.util.JMeterMenuBar: setRunning(false,*local*) 
